ISim log file
Running: D:\ISE\homework\CPU_P6_final\workproject\mips_txt_isim_beh.exe -intstyle ise -gui -tclbatch isim.cmd -wdb D:/ISE/homework/CPU_P6_final/workproject/mips_txt_isim_beh.wdb 
ISim P.20131013 (signature 0x7708f090)
----------------------------------------------------------------------
WARNING:Security:42 - Your software subscription period has lapsed. Your current version of Xilinx tools will continue to function, but you no longer qualify for Xilinx software updates or new releases.


----------------------------------------------------------------------
This is a Full version of ISim.
Time resolution is 1 ps
# onerror resume
# wave add /
# run 1000 ns
Simulator is doing circuit initialization process.
Finished circuit initialization process.
                  42@00003004: $ 1 <= 000002f1
                  46@00003008: $ 2 <= 0000bbcc
                  50@0000300c: $ 3 <= 0000c72d
                  54@00003010: $ 4 <= 00004130
                  58@00003014: $ 5 <= 0000f072
                  62@00003018: $ 6 <= 0000595c
                  66@0000301c: $ 7 <= 0000faba
                  70@00003020: $ 8 <= 0000b2f0
                  74@00003024: $ 9 <= 0000dfc6
                  78@00003028: $10 <= 0000b1a1
                  82@0000302c: $11 <= 0000e513
                  86@00003030: $12 <= 00007a57
                  90@00003034: $13 <= 000076d0
                  94@00003038: $14 <= 00002efe
                  98@0000303c: $15 <= 00002759
                 102@00003040: $16 <= 0000740d
                 106@00003044: $17 <= 0000293b
                 110@00003048: $18 <= 00002e55
                 114@0000304c: $19 <= 00001856
                 118@00003050: $20 <= 00001490
                 122@00003054: $21 <= 0000bbcf
                 126@00003058: $22 <= 0000fc27
                 130@0000305c: $23 <= 00000355
                 134@00003060: $24 <= 00008cf1
                 138@00003064: $25 <= 00007671
                 142@00003068: $26 <= 00003a2f
                 146@0000306c: $27 <= 000064bb
                 150@00003070: $28 <= 00006a7e
                 154@00003074: $29 <= 0000b01b
                 158@00003078: $30 <= 00009ceb
                 162@0000307c: $31 <= 000012b4
                 166@00003080: $24 <= 00017298
                 170@00003088: *00007d30 <= c6xxxxxx
                 170@00003084: $25 <= 00003011
                 178@0000308c: $ 9 <= 0000b2f1
                 186@00003094: $ 8 <= 000058f3
                 190@00003098: $ 8 <= 00000000
                 194@0000309c: $17 <= 000089b6
                 202@000030a4: $ 8 <= 00002c69
                 206@000030a8: $ 8 <= 00000000
                 214@000030ac: $17 <= 00000001
                 218@000030b0: $17 <= 00000001
                 278@000030bc: $17 <= 000045d8
                 282@000030c0: $ 9 <= 00000000
                 286@000030c4: $17 <= 000045d8
                 290@000030c8: $17 <= 000033a7
                 294@000030cc: $ 8 <= 00000000
                 306@000030d8: $17 <= 00000000
                 314@000030e0: $ 8 <= 00000001
                 366@000030e8: $19 <= 00000000
                 370@000030ec: $17 <= 00080000
                 374@000030f4: *000012b8 <= 000060f5
                 374@000030f0: $ 8 <= 000060f5
                 386@00003100: *00002d54 <= 000000f5
                 386@000030fc: $17 <= 000036f6
                 394@00003104: $ 8 <= 000000f8
                 398@00003108: $ 8 <= 00000000
                 402@00003110: *00002718 <= 00000000
                 402@0000310c: $ 9 <= 00006a9b
                 418@0000311c: $17 <= 000036f6
                 422@00003120: $17 <= 0000d536
                 426@00003124: $ 9 <= 00110000
                 430@00003128: $17 <= 00000000
                 474@00003134: $17 <= 00001f29
                 478@00003138: $ 8 <= 00000000
                 482@00003140: *00002aa8 <= 00003235
                 482@0000313c: $ 9 <= 00003235
                 490@00003144: $ 8 <= 00003e52
                 494@00003148: $19 <= 00000000
                 498@0000314c: $ 8 <= ffffecf4
                 502@00003150: $17 <= 00000001
                 510@00003158: $ 8 <= ffffecf5
                 518@00003160: $17 <= 00000000
                 522@00003164: $17 <= 00000000
                 526@0000316c: *0000195c <= ffffecf5
                 526@00003168: $17 <= 000077c5
                 534@00003170: $ 9 <= 000045c3
                 538@00003174: $17 <= 00000000
                 542@00003178: $ 9 <= 000047c1
                 546@0000317c: $ 8 <= 00000000
                 550@00003180: $ 9 <= 0000314a
                 554@00003184: $ 8 <= 00000000
                 558@00003188: $ 9 <= 00080000
                 566@00003190: $ 8 <= 00000000
                 570@00003198: *0000115c <= 00000000
                 570@00003194: $ 8 <= 00007518
                 622@000031a4: $ 8 <= 00000011
                 626@000031a8: $17 <= 00000000
                 630@000031ac: $10 <= 358ef240
                 634@000031b0: $12 <= 00000000
                 638@000031b4: $ 8 <= 00080011
                 642@000031b8: $ 8 <= 00000001
                 646@000031c0: *00001954 <= 0000595f
                 646@000031bc: $ 8 <= 0000595f
                 654@000031c4: $ 8 <= 0000595f
                 710@000031d4: *0000224c <= 0000595f
                 710@000031d0: $ 9 <= 0000785c
                 738@000031e0: *00001628 <= 0000785c
                 738@000031dc: $17 <= 00002c61
                 746@000031e4: $17 <= 00007d7f
                 750@000031e8: $13 <= 0000595f
                 754@000031ec: $ 8 <= 0000595f
                 762@000031f4: $17 <= 0000165c
                 766@000031f8: $ 8 <= 00000000
                 774@000031fc: $ 8 <= 00000001
                 810@00003204: $ 9 <= 00006c2a
                 814@00003208: $17 <= 00000000
                 882@00003210: $14 <= 00000000
                 886@00003214: $ 9 <= 00000001
                 890@00003218: $ 8 <= 00000001
                 894@00003220: *00001c98 <= 00cc0000
                 894@0000321c: $17 <= 000044cc
                 902@00003224: $ 9 <= 00000000
                 906@00003228: $ 9 <= 00000008
                 910@0000322c: $17 <= 00000008
                 914@00003230: $12 <= 00000000
                 918@00003234: $17 <= 00000009
                 974@00003240: $ 9 <= 00001f56
                 978@00003244: $ 8 <= 00000000
                 986@00003248: $ 9 <= 00000008
                 990@00003250: *000005b0 <= 00000000
                 990@0000324c: $ 9 <= 00003abd
                 998@00003254: $ 9 <= 00000000
